<?xml version="1.0" encoding="UTF-8"?>
<testsuite name="qotd.QuoteSpec" tests="1" skipped="0" failures="1" errors="0" timestamp="2016-03-09T00:53:03" hostname="Macintosh.local" time="0.246">
  <properties/>
  <testcase name="test something" classname="qotd.QuoteSpec" time="0.246">
    <failure message="Condition not satisfied:&#10;&#10;true == false&#10;     |&#10;     false&#10;" type="org.spockframework.runtime.SpockComparisonFailure">Condition not satisfied:

true == false
     |
     false

	at qotd.QuoteSpec.test something(QuoteSpec.groovy:20)
</failure>
  </testcase>
  <system-out><![CDATA[]]></system-out>
  <system-err><![CDATA[]]></system-err>
</testsuite>
