<?xml version="1.0" encoding="UTF-8"?>
<testsuite name="com.grailsinaction.UserSpec" tests="1" skipped="0" failures="1" errors="0" timestamp="2016-03-27T00:55:25" hostname="Macintosh.local" time="1.705">
  <properties/>
  <testcase name="test something" classname="com.grailsinaction.UserSpec" time="1.705">
    <failure message="Condition not satisfied:&#10;&#10;true == false&#10;     |&#10;     false&#10;" type="org.spockframework.runtime.SpockComparisonFailure">Condition not satisfied:

true == false
     |
     false

	at com.grailsinaction.UserSpec.test something(UserSpec.groovy:20)
</failure>
  </testcase>
  <system-out><![CDATA[]]></system-out>
  <system-err><![CDATA[]]></system-err>
</testsuite>
