<?xml version="1.0" encoding="UTF-8" ?>
<testsuite errors="0" failures="0" hostname="Macintosh.local" name="qotd.QuoteServiceSpec" skipped="0" tests="1" time="0.755" timestamp="2016-03-18T00:59:18">
  <properties />
  <testcase classname="qotd.QuoteServiceSpec" name="static quote service always returns quiche quote" time="0.744" />
  <system-out><![CDATA[--Output from static quote service always returns quiche quote--
]]></system-out>
  <system-err><![CDATA[--Output from static quote service always returns quiche quote--
]]></system-err>
</testsuite>
