<?xml version="1.0" encoding="UTF-8" ?>
<testsuite errors="0" failures="0" hostname="Macintosh.local" name="com.grailsinaction.PostIntegrationIntegrationSpec" skipped="0" tests="2" time="0.282" timestamp="2016-03-26T18:46:42">
  <properties />
  <testcase classname="com.grailsinaction.PostIntegrationIntegrationSpec" name="Adding posts to user links post to user" time="0.221" />
  <testcase classname="com.grailsinaction.PostIntegrationIntegrationSpec" name="Exercise tagging several posts with various tags" time="0.014" />
  <system-out><![CDATA[--Output from Adding posts to user links post to user--
--Output from Exercise tagging several posts with various tags--
]]></system-out>
  <system-err><![CDATA[--Output from Adding posts to user links post to user--
--Output from Exercise tagging several posts with various tags--
]]></system-err>
</testsuite>
